<?xml version="1.0" encoding="UTF-8"?>
<!-- Generated by org.testng.reporters.JUnitXMLReporter -->
<testsuite ignored="0" hostname="DESKTOP-S5UNGIC" failures="0" tests="2" name="Default test" time="7.869" errors="0" timestamp="2022-03-16T23:21:37 IST">
  <testcase classname="org.zbib.testcases.API.validateBibliography" name="createNewBiblography" time="4.144"/>
  <testcase classname="org.zbib.testcases.API.validateBibliography" name="viewBiblograhy" time="2.564"/>
</testsuite> <!-- Default test -->
