<?xml version="1.0" encoding="UTF-8"?>
<!-- Generated by org.testng.reporters.JUnitXMLReporter -->
<testsuite ignored="0" hostname="DESKTOP-S5UNGIC" failures="0" tests="10" name="Test" time="353.272" errors="0" timestamp="2022-03-16T21:03:14 IST">
  <testcase classname="org.zbib.testcases.UI.BiblographyTest" name="verifyBiblograhy" time="0.113"/>
  <testcase classname="org.zbib.testcases.UI.BiblographyTest" name="verifyCopyLink" time="11.415"/>
  <testcase classname="org.zbib.testcases.UI.ManualCitationTest" name="verifySingleManualCitation" time="19.092"/>
  <testcase classname="org.zbib.testcases.UI.ManualCitationTest" name="validateMultipleManualCitation" time="19.866"/>
  <testcase classname="org.zbib.testcases.UI.ManualCitationTest" name="validateMultipleManualCitation" time="19.396"/>
  <testcase classname="org.zbib.testcases.UI.ManualCitationTest" name="validateMultipleManualCitation" time="19.397"/>
  <testcase classname="org.zbib.testcases.UI.SearchCitationTest" name="verifySingleSearchCitation" time="15.499"/>
  <testcase classname="org.zbib.testcases.UI.SearchCitationTest" name="verifyMulipleSearchCitation" time="15.278"/>
  <testcase classname="org.zbib.testcases.UI.SearchCitationTest" name="verifyMulipleSearchCitation" time="15.493"/>
  <testcase classname="org.zbib.testcases.UI.SearchCitationTest" name="verifyMulipleSearchCitation" time="15.344"/>
</testsuite> <!-- Test -->
