<?xml version="1.0" encoding="UTF-8"?>
<!-- Generated by org.testng.reporters.JUnitXMLReporter -->
<testsuite ignored="0" hostname="DESKTOP-S5UNGIC" failures="0" tests="10" name="Test" time="370.576" errors="0" timestamp="2022-03-16T23:38:25 IST">
  <testcase classname="org.zbib.testcases.UI.BiblographyTest" name="verifyBiblograhy" time="0.16"/>
  <testcase classname="org.zbib.testcases.UI.BiblographyTest" name="verifyCopyLink" time="11.551"/>
  <testcase classname="org.zbib.testcases.UI.ManualCitationTest" name="verifySingleManualCitation" time="19.081"/>
  <testcase classname="org.zbib.testcases.UI.ManualCitationTest" name="validateMultipleManualCitation" time="19.995"/>
  <testcase classname="org.zbib.testcases.UI.ManualCitationTest" name="validateMultipleManualCitation" time="19.555"/>
  <testcase classname="org.zbib.testcases.UI.ManualCitationTest" name="validateMultipleManualCitation" time="19.504"/>
  <testcase classname="org.zbib.testcases.UI.SearchCitationTest" name="verifySingleSearchCitation" time="15.553"/>
  <testcase classname="org.zbib.testcases.UI.SearchCitationTest" name="verifyMulipleSearchCitation" time="15.313"/>
  <testcase classname="org.zbib.testcases.UI.SearchCitationTest" name="verifyMulipleSearchCitation" time="15.557"/>
  <testcase classname="org.zbib.testcases.UI.SearchCitationTest" name="verifyMulipleSearchCitation" time="15.287"/>
</testsuite> <!-- Test -->
