<?xml version="1.0" encoding="UTF-8"?>
<testng-results ignored="0" total="2" passed="2" failed="0" skipped="0">
  <reporter-output>
  </reporter-output>
  <suite started-at="2022-03-16T23:21:29 IST" name="Default suite" finished-at="2022-03-16T23:21:37 IST" duration-ms="7869">
    <groups>
    </groups>
    <test started-at="2022-03-16T23:21:29 IST" name="Default test" finished-at="2022-03-16T23:21:37 IST" duration-ms="7869">
      <class name="org.zbib.testcases.API.validateBibliography">
        <test-method is-config="true" signature="setters()[pri:0, instance:org.zbib.testcases.API.validateBibliography@4f3bbf68]" started-at="2022-03-16T23:21:29 IST" name="setters" finished-at="2022-03-16T23:21:30 IST" duration-ms="987" status="PASS">
          <reporter-output>
          </reporter-output>
        </test-method> <!-- setters -->
        <test-method signature="createNewBiblography()[pri:1, instance:org.zbib.testcases.API.validateBibliography@4f3bbf68]" started-at="2022-03-16T23:21:30 IST" name="createNewBiblography" finished-at="2022-03-16T23:21:34 IST" duration-ms="4144" status="PASS">
          <reporter-output>
          </reporter-output>
        </test-method> <!-- createNewBiblography -->
        <test-method signature="viewBiblograhy()[pri:2, instance:org.zbib.testcases.API.validateBibliography@4f3bbf68]" started-at="2022-03-16T23:21:34 IST" name="viewBiblograhy" finished-at="2022-03-16T23:21:37 IST" duration-ms="2564" status="PASS">
          <reporter-output>
          </reporter-output>
        </test-method> <!-- viewBiblograhy -->
      </class> <!-- org.zbib.testcases.API.validateBibliography -->
    </test> <!-- Default test -->
  </suite> <!-- Default suite -->
</testng-results>
